External server running on port 9001...
Internal server running on port 10001...
Doing initial setup for server...
Q1 1571523717
Q2 1571523720
Q3 1571523724
Q4 1571523728
Q1 1571523732
Server ready!
Q2 1571523735
Q3 1571523739
Q4 1571523743
Q1 1571523747
Q2 1571523750
Q3 1571523754
Q4 1571523758
Q1 1571523762
Q2 1571523765
Q3 1571523769
Q4 1571523773
Q1 1571523777
Q2 1571523780
Q3 1571523784
Q4 1571523788
Q1 1571523792
Q2 1571523795
Q3 1571523799
Q4 1571523803
Q1 1571523807
Q2 1571523810
Q3 1571523814
Q4 1571523818
Q1 1571523822
Q2 1571523825
Q3 1571523829
Q4 1571523833
Q1 1571523837
Q2 1571523840
Q3 1571523844
Q4 1571523848
Q1 1571523852
Q2 1571523855
Q3 1571523859
Q4 1571523863
Q1 1571523867
Q2 1571523870
Q3 1571523874
Q4 1571523878
Q1 1571523882
Q2 1571523885
Q3 1571523889
Q4 1571523893
Q1 1571523897
Q2 1571523900
Q3 1571523904
Q4 1571523908
Q1 1571523912
Q2 1571523915
Q3 1571523919
Q4 1571523923
Q1 1571523927
Q2 1571523930
Q3 1571523934
Q4 1571523938
Q1 1571523942
Q2 1571523945
Q3 1571523949
Q4 1571523953
Q1 1571523957
Q2 1571523960
Q3 1571523964
Q4 1571523968
Q1 1571523972
Q2 1571523975
